<?xml version="1.0" encoding="UTF-8"?>
<!-- Generated by org.testng.reporters.JUnitXMLReporter -->
<testsuite ignored="1" hostname="VSP-83QD6Q3" failures="0" tests="7" name="Test" time="0.137" errors="0" timestamp="2022-12-20T11:48:57 IST">
  <testcase classname="Testng.data1" name="Login" time="0.008"/>
  <testcase classname="Testng.data1" name="Open" time="0.001"/>
  <testcase classname="Testng.data1" name="Pass" time="0.001"/>
  <testcase classname="Testng.data1" name="User" time="0.001"/>
  <testcase classname="Testng.Groups" name="Pageloading" time="0.001"/>
  <testcase classname="Testng.Groups" name="Submit" time="0.002"/>
  <testcase classname="Testng.WaitinTestng" name="f" time="0.014"/>
  <testcase classname="Testng.data1" name="close" time="0.0">
    <ignored/>
  </testcase> <!-- close -->
</testsuite> <!-- Test -->
